<?xml version="1.0" encoding="UTF-8"?>

<beans xmlns="http://www.springframework.org/schema/beans" 
	   xmlns:xsi="http://www.w3.org/2001/XMLSchema-instance"
	   xmlns:p="http://www.springframework.org/schema/p" 
	   xmlns:context="http://www.springframework.org/schema/context"
	   xmlns:util="http://www.springframework.org/schema/util"
	   xsi:schemaLocation="http://www.springframework.org/schema/beans 
	        http://www.springframework.org/schema/beans/spring-beans-2.5.xsd
	        http://www.springframework.org/schema/util
	        http://www.springframework.org/schema/util/spring-util-2.5.xsd
			http://www.springframework.org/schema/context 
			http://www.springframework.org/schema/context/spring-context-2.5.xsd">
	
    <bean id="bbsEnvFactory" class="kr.co.unp.bbs.service.BbsEnvFactory">
    	<property name="serviceNameMap">
			<map>
	            <entry key="default" value="EgovBBSManageService"/>
			</map>
    	</property>
    	<property name="mvrNameMap">
			<map>
	            <entry key="default" value="bbsModelAndViewResolver"/>
	            <entry key="bos" value="bosBbsModelAndViewResolver"/>
			</map>
    	</property>
    	<property name="validatorNameMap">
			<map>
	            <entry key="default" value="bbsValidator"/>
			</map>
    	</property>
    	<property name="articleAccessableMap">
			<map>
	            <entry key="default" value="bbsArticleAccessable"/>
			</map>
    	</property>
    	<property name="updateArticleAccessableMap">
			<map>
	            <entry key="default" value="bbsUpdateArticleAccessable"/>
			</map>
    	</property>
    </bean>
    
    <bean id="bosModelAndViewResolver" class="kr.co.unp.cmm.view.mvr.UriModelAndViewResolver">
    	<property name="includePageMap">
			<map>
	            <entry key="/bos/login" value="bos/member/login"/>
	            <entry key="/bos/member/checkList" value="bos/member/selectCheckList"/>
	            <entry key="/bos/member/checkListMy" value="bos/member/selectCheckListMy"/>
	            <entry key="/bos/member/list" value="bos/member/selectMemberList"/>
	            <entry key="/bos/member/listPop" value="bos/member/selectMemberListPop"/>
	            <entry key="/bos/member/forInsert" value="bos/member/modifyMemberInfo"/>
	            <entry key="/bos/member/forUpdate" value="bos/member/modifyMemberInfo"/>
	            <entry key="/bos/member/forUpdateMy" value="bos/member/modifyMyInformation"/>
	            <entry key="/bos/member/pwdReset" value="bos/member/pwdReset"/>
	            
	            <entry key="/bos/visitorLog/getByDay" value="bos/visitorLog/getByDay"/>
	            <entry key="/bos/visitorLog/getByMonth" value="bos/visitorLog/getByMonth"/>
	            <entry key="/bos/visitorLog/getByMenu" value="bos/visitorLog/getByMenu"/>
	            <entry key="/bos/visitorLog/getBySite" value="bos/visitorLog/getBySite"/>
			</map>
    	</property>
	</bean>
	
    <bean id="uriModelAndViewResolver" class="kr.co.unp.cmm.view.mvr.UriModelAndViewResolver">
    	<property name="includePageMap">
			<map>
	            <entry key="/portal/banner/List" value="/[siteName]/banner/List.jsp"/>
			</map>
    	</property>
	</bean>
	
    <bean id="accessableFactory" class="kr.co.unp.util.NamedMapBeanFactory">
    	<property name="beanNameMap">
			<map>
	            <entry key="default" value="bbsUpdateArticleAccessable"/>
			</map>
    	</property>
	</bean>
	
    <bean id="bbsModelAndViewResolver" class="kr.co.unp.cmm.view.mvr.BbsModelAndViewResolver">
    	<property name="includePageMap">
			<map>
	            <entry key="/*/bbs/list" value="/[siteName]/bbs/[bbsAttrbCode]/List.jsp"/>
	            <entry key="/*/bbs/view" value="/[siteName]/bbs/[bbsAttrbCode]/Read.jsp"/>
	            <entry key="/*/bbs/secure/view" value="/[siteName]/bbs/[bbsAttrbCode]/Read.jsp"/>
	            <entry key="/*/bbs/forInsert" value="/[siteName]/bbs/[bbsAttrbCode]/Reg.jsp"/>
	            <entry key="/*/bbs/forUpdate" value="/[siteName]/bbs/[bbsAttrbCode]/Reg.jsp"/>
	            <entry key="/*/bbs/forUpdateRe" value="/[siteName]/bbs/[bbsAttrbCode]/replyReg.jsp"/>
	            <entry key="/*/bbs/memorialPop" value="memorial/bbs/PG0002/ListPop"/>
			</map>
    	</property>
	</bean>
	
    <bean id="bosBbsModelAndViewResolver" class="kr.co.unp.cmm.view.mvr.BosBbsModelAndViewResolver">
    	<property name="includePageMap">
			<map>
	            <entry key="/bos/bbs/list" value="bos/bbs/[bbsAttrbCode]/List"/>
	            <entry key="/bos/bbs/view" value="bos/bbs/[bbsAttrbCode]/Read"/>
	            <entry key="/bos/bbs/forInsert" value="bos/bbs/[bbsAttrbCode]/Reg"/>
	            <entry key="/bos/bbs/forUpdate" value="bos/bbs/[bbsAttrbCode]/Reg"/>
	            <entry key="/bos/bbs/forUpdateRe" value="bos/bbs/[bbsAttrbCode]/replyReg"/>
			</map>
    	</property>
	</bean>
	
    <bean id="CommentModelAndViewResolver" class="kr.co.unp.cmm.view.mvr.CommentModelAndViewResolver">
    	<property name="includePageMap">
			<map>
	            <entry key="/*/cmmnt/forUpdateComment" value="/[siteName]/cmmnt/Reg.jsp"/>
	            <entry key="/*/cmmnt/forUpdateCommentPop" value="[siteName]/bbs/cmmntUpdate"/>
			</map>
    	</property>
	</bean>
	
</beans>
